# JRE version: OpenJDK Runtime Environment (8.0_362-b09) (build 1.8.0_362-b09)
# Java VM: OpenJDK 64-Bit Server VM (25.362-b09 mixed mode windows-amd64 compressed oops)
Heap:
 PSYoungGen      total 153088K, used 75802K [0x0000000715b80000, 0x0000000722e00000, 0x00000007c0000000)
  eden space 131584K, 56% used [0x0000000715b80000,0x000000071a3deaa8,0x000000071dc00000)
  from space 21504K, 7% used [0x000000071dc00000,0x000000071dda8010,0x000000071f100000)
  to   space 21504K, 0% used [0x0000000721900000,0x0000000721900000,0x0000000722e00000)
 ParOldGen       total 233984K, used 19530K [0x00000005c1200000, 0x00000005cf680000, 0x0000000715b80000)
  object space 233984K, 8% used [0x00000005c1200000,0x00000005c2512ba0,0x00000005cf680000)
 Metaspace       used 22802K, capacity 23274K, committed 23424K, reserved 1069056K
  class space    used 2808K, capacity 2939K, committed 2944K, reserved 1048576K
GC Heap History (8 events):
Event: 0.689 GC heap before
{Heap before GC invocations=1 (full 0):
 PSYoungGen      total 153088K, used 131584K [0x0000000715b80000, 0x0000000720600000, 0x00000007c0000000)
  eden space 131584K, 100% used [0x0000000715b80000,0x000000071dc00000,0x000000071dc00000)
  from space 21504K, 0% used [0x000000071f100000,0x000000071f100000,0x0000000720600000)
  to   space 21504K, 0% used [0x000000071dc00000,0x000000071dc00000,0x000000071f100000)
 ParOldGen       total 349696K, used 0K [0x00000005c1200000, 0x00000005d6780000, 0x0000000715b80000)
  object space 349696K, 0% used [0x00000005c1200000,0x00000005c1200000,0x00000005d6780000)
 Metaspace       used 16111K, capacity 16310K, committed 16512K, reserved 1062912K
  class space    used 2017K, capacity 2099K, committed 2176K, reserved 1048576K
Event: 0.696 GC heap after
Heap after GC invocations=1 (full 0):
 PSYoungGen      total 153088K, used 21484K [0x0000000715b80000, 0x0000000720600000, 0x00000007c0000000)
  eden space 131584K, 0% used [0x0000000715b80000,0x0000000715b80000,0x000000071dc00000)
  from space 21504K, 99% used [0x000000071dc00000,0x000000071f0fb2a0,0x000000071f100000)
  to   space 21504K, 0% used [0x000000071f100000,0x000000071f100000,0x0000000720600000)
 ParOldGen       total 349696K, used 230K [0x00000005c1200000, 0x00000005d6780000, 0x0000000715b80000)
  object space 349696K, 0% used [0x00000005c1200000,0x00000005c1239830,0x00000005d6780000)
 Metaspace       used 16111K, capacity 16310K, committed 16512K, reserved 1062912K
  class space    used 2017K, capacity 2099K, committed 2176K, reserved 1048576K
}
Event: 1.062 GC heap before
{Heap before GC invocations=2 (full 0):
 PSYoungGen      total 153088K, used 75391K [0x0000000715b80000, 0x0000000720600000, 0x00000007c0000000)
  eden space 131584K, 40% used [0x0000000715b80000,0x0000000719024bc8,0x000000071dc00000)
  from space 21504K, 99% used [0x000000071dc00000,0x000000071f0fb2a0,0x000000071f100000)
  to   space 21504K, 0% used [0x000000071f100000,0x000000071f100000,0x0000000720600000)
 ParOldGen       total 349696K, used 230K [0x00000005c1200000, 0x00000005d6780000, 0x0000000715b80000)
  object space 349696K, 0% used [0x00000005c1200000,0x00000005c1239830,0x00000005d6780000)
 Metaspace       used 20808K, capacity 21098K, committed 21248K, reserved 1067008K
  class space    used 2627K, capacity 2715K, committed 2816K, reserved 1048576K
Event: 1.068 GC heap after
Heap after GC invocations=2 (full 0):
 PSYoungGen      total 153088K, used 20002K [0x0000000715b80000, 0x0000000728680000, 0x00000007c0000000)
  eden space 131584K, 0% used [0x0000000715b80000,0x0000000715b80000,0x000000071dc00000)
  from space 21504K, 93% used [0x000000071f100000,0x0000000720488858,0x0000000720600000)
  to   space 21504K, 0% used [0x000000071dc00000,0x000000071dc00000,0x000000071f100000)
 ParOldGen       total 349696K, used 254K [0x00000005c1200000, 0x00000005d6780000, 0x0000000715b80000)
  object space 349696K, 0% used [0x00000005c1200000,0x00000005c123f830,0x00000005d6780000)
 Metaspace       used 20808K, capacity 21098K, committed 21248K, reserved 1067008K
  class space    used 2627K, capacity 2715K, committed 2816K, reserved 1048576K
}
Event: 1.068 GC heap before
{Heap before GC invocations=3 (full 1):
 PSYoungGen      total 153088K, used 20002K [0x0000000715b80000, 0x0000000728680000, 0x00000007c0000000)
  eden space 131584K, 0% used [0x0000000715b80000,0x0000000715b80000,0x000000071dc00000)
  from space 21504K, 93% used [0x000000071f100000,0x0000000720488858,0x0000000720600000)
  to   space 21504K, 0% used [0x000000071dc00000,0x000000071dc00000,0x000000071f100000)
 ParOldGen       total 349696K, used 254K [0x00000005c1200000, 0x00000005d6780000, 0x0000000715b80000)
  object space 349696K, 0% used [0x00000005c1200000,0x00000005c123f830,0x00000005d6780000)
 Metaspace       used 20808K, capacity 21098K, committed 21248K, reserved 1067008K
  class space    used 2627K, capacity 2715K, committed 2816K, reserved 1048576K
Event: 1.092 GC heap after
Heap after GC invocations=3 (full 1):
 PSYoungGen      total 153088K, used 0K [0x0000000715b80000, 0x0000000728680000, 0x00000007c0000000)
  eden space 131584K, 0% used [0x0000000715b80000,0x0000000715b80000,0x000000071dc00000)
  from space 21504K, 0% used [0x000000071f100000,0x000000071f100000,0x0000000720600000)
  to   space 21504K, 0% used [0x000000071dc00000,0x000000071dc00000,0x000000071f100000)
 ParOldGen       total 233984K, used 19522K [0x00000005c1200000, 0x00000005cf680000, 0x0000000715b80000)
  object space 233984K, 8% used [0x00000005c1200000,0x00000005c2510ba0,0x00000005cf680000)
 Metaspace       used 20808K, capacity 21098K, committed 21248K, reserved 1067008K
  class space    used 2627K, capacity 2715K, committed 2816K, reserved 1048576K
}
Event: 1.443 GC heap before
{Heap before GC invocations=4 (full 1):
 PSYoungGen      total 153088K, used 131584K [0x0000000715b80000, 0x0000000728680000, 0x00000007c0000000)
  eden space 131584K, 100% used [0x0000000715b80000,0x000000071dc00000,0x000000071dc00000)
  from space 21504K, 0% used [0x000000071f100000,0x000000071f100000,0x0000000720600000)
  to   space 21504K, 0% used [0x000000071dc00000,0x000000071dc00000,0x000000071f100000)
 ParOldGen       total 233984K, used 19522K [0x00000005c1200000, 0x00000005cf680000, 0x0000000715b80000)
  object space 233984K, 8% used [0x00000005c1200000,0x00000005c2510ba0,0x00000005cf680000)
 Metaspace       used 21729K, capacity 22132K, committed 22272K, reserved 1069056K
  class space    used 2690K, capacity 2802K, committed 2816K, reserved 1048576K
Event: 1.444 GC heap after
Heap after GC invocations=4 (full 1):
 PSYoungGen      total 153088K, used 1696K [0x0000000715b80000, 0x0000000722e00000, 0x00000007c0000000)
  eden space 131584K, 0% used [0x0000000715b80000,0x0000000715b80000,0x000000071dc00000)
  from space 21504K, 7% used [0x000000071dc00000,0x000000071dda8010,0x000000071f100000)
  to   space 21504K, 0% used [0x0000000721900000,0x0000000721900000,0x0000000722e00000)
 ParOldGen       total 233984K, used 19530K [0x00000005c1200000, 0x00000005cf680000, 0x0000000715b80000)
  object space 233984K, 8% used [0x00000005c1200000,0x00000005c2512ba0,0x00000005cf680000)
 Metaspace       used 21729K, capacity 22132K, committed 22272K, reserved 1069056K
  class space    used 2690K, capacity 2802K, committed 2816K, reserved 1048576K
}

